# JRE version: Java(TM) SE Runtime Environment (8.0_212-b10) (build 1.8.0_212-b10)
# Java VM: Java HotSpot(TM) 64-Bit Server VM (25.212-b10 mixed mode windows-amd64 compressed oops)
Heap:
 PSYoungGen      total 120832K, used 12231K [0x00000000f5580000, 0x00000000ffc80000, 0x0000000100000000)
  eden space 71680K, 0% used [0x00000000f5580000,0x00000000f5580000,0x00000000f9b80000)
  from space 49152K, 24% used [0x00000000f9b80000,0x00000000fa771f38,0x00000000fcb80000)
  to   space 47104K, 0% used [0x00000000fce80000,0x00000000fce80000,0x00000000ffc80000)
 ParOldGen       total 349696K, used 314580K [0x00000000e0000000, 0x00000000f5580000, 0x00000000f5580000)
  object space 349696K, 89% used [0x00000000e0000000,0x00000000f3335348,0x00000000f5580000)
 Metaspace       used 100118K, capacity 106082K, committed 106112K, reserved 1140736K
  class space    used 12729K, capacity 13947K, committed 13952K, reserved 1048576K
GC Heap History (10 events):
Event: 2357.856 GC heap after
Heap after GC invocations=102 (full 5):
 PSYoungGen      total 67584K, used 942K [0x00000000f5580000, 0x00000000ffc80000, 0x0000000100000000)
  eden space 66560K, 0% used [0x00000000f5580000,0x00000000f5580000,0x00000000f9680000)
  from space 1024K, 92% used [0x00000000f9680000,0x00000000f976b910,0x00000000f9780000)
  to   space 52224K, 0% used [0x00000000fc980000,0x00000000fc980000,0x00000000ffc80000)
 ParOldGen       total 349696K, used 294114K [0x00000000e0000000, 0x00000000f5580000, 0x00000000f5580000)
  object space 349696K, 84% used [0x00000000e0000000,0x00000000f1f38888,0x00000000f5580000)
 Metaspace       used 99323K, capacity 104852K, committed 104960K, reserved 1140736K
  class space    used 12654K, capacity 13818K, committed 13824K, reserved 1048576K
}
Event: 4865.968 GC heap before
{Heap before GC invocations=103 (full 5):
 PSYoungGen      total 67584K, used 67502K [0x00000000f5580000, 0x00000000ffc80000, 0x0000000100000000)
  eden space 66560K, 100% used [0x00000000f5580000,0x00000000f9680000,0x00000000f9680000)
  from space 1024K, 92% used [0x00000000f9680000,0x00000000f976b910,0x00000000f9780000)
  to   space 52224K, 0% used [0x00000000fc980000,0x00000000fc980000,0x00000000ffc80000)
 ParOldGen       total 349696K, used 294114K [0x00000000e0000000, 0x00000000f5580000, 0x00000000f5580000)
  object space 349696K, 84% used [0x00000000e0000000,0x00000000f1f38888,0x00000000f5580000)
 Metaspace       used 99690K, capacity 105526K, committed 105600K, reserved 1140736K
  class space    used 12707K, capacity 13909K, committed 13952K, reserved 1048576K
Event: 4865.997 GC heap after
Heap after GC invocations=103 (full 5):
 PSYoungGen      total 120832K, used 8623K [0x00000000f5580000, 0x00000000ffd80000, 0x0000000100000000)
  eden space 68608K, 0% used [0x00000000f5580000,0x00000000f5580000,0x00000000f9880000)
  from space 52224K, 16% used [0x00000000fc980000,0x00000000fd1ebf30,0x00000000ffc80000)
  to   space 50176K, 0% used [0x00000000f9880000,0x00000000f9880000,0x00000000fc980000)
 ParOldGen       total 349696K, used 294122K [0x00000000e0000000, 0x00000000f5580000, 0x00000000f5580000)
  object space 349696K, 84% used [0x00000000e0000000,0x00000000f1f3a888,0x00000000f5580000)
 Metaspace       used 99690K, capacity 105526K, committed 105600K, reserved 1140736K
  class space    used 12707K, capacity 13909K, committed 13952K, reserved 1048576K
}
Event: 4867.260 GC heap before
{Heap before GC invocations=104 (full 5):
 PSYoungGen      total 120832K, used 77231K [0x00000000f5580000, 0x00000000ffd80000, 0x0000000100000000)
  eden space 68608K, 100% used [0x00000000f5580000,0x00000000f9880000,0x00000000f9880000)
  from space 52224K, 16% used [0x00000000fc980000,0x00000000fd1ebf30,0x00000000ffc80000)
  to   space 50176K, 0% used [0x00000000f9880000,0x00000000f9880000,0x00000000fc980000)
 ParOldGen       total 349696K, used 294122K [0x00000000e0000000, 0x00000000f5580000, 0x00000000f5580000)
  object space 349696K, 84% used [0x00000000e0000000,0x00000000f1f3a888,0x00000000f5580000)
 Metaspace       used 99966K, capacity 105898K, committed 106112K, reserved 1140736K
  class space    used 12718K, capacity 13927K, committed 13952K, reserved 1048576K
Event: 4867.332 GC heap after
Heap after GC invocations=104 (full 5):
 PSYoungGen      total 118784K, used 20838K [0x00000000f5580000, 0x00000000ffb00000, 0x0000000100000000)
  eden space 68608K, 0% used [0x00000000f5580000,0x00000000f5580000,0x00000000f9880000)
  from space 50176K, 41% used [0x00000000f9880000,0x00000000facd98c0,0x00000000fc980000)
  to   space 48640K, 0% used [0x00000000fcb80000,0x00000000fcb80000,0x00000000ffb00000)
 ParOldGen       total 349696K, used 294130K [0x00000000e0000000, 0x00000000f5580000, 0x00000000f5580000)
  object space 349696K, 84% used [0x00000000e0000000,0x00000000f1f3c888,0x00000000f5580000)
 Metaspace       used 99966K, capacity 105898K, committed 106112K, reserved 1140736K
  class space    used 12718K, capacity 13927K, committed 13952K, reserved 1048576K
}
Event: 4869.286 GC heap before
{Heap before GC invocations=105 (full 5):
 PSYoungGen      total 118784K, used 89446K [0x00000000f5580000, 0x00000000ffb00000, 0x0000000100000000)
  eden space 68608K, 100% used [0x00000000f5580000,0x00000000f9880000,0x00000000f9880000)
  from space 50176K, 41% used [0x00000000f9880000,0x00000000facd98c0,0x00000000fc980000)
  to   space 48640K, 0% used [0x00000000fcb80000,0x00000000fcb80000,0x00000000ffb00000)
 ParOldGen       total 349696K, used 294130K [0x00000000e0000000, 0x00000000f5580000, 0x00000000f5580000)
  object space 349696K, 84% used [0x00000000e0000000,0x00000000f1f3c888,0x00000000f5580000)
 Metaspace       used 100084K, capacity 106082K, committed 106112K, reserved 1140736K
  class space    used 12729K, capacity 13947K, committed 13952K, reserved 1048576K
Event: 4869.466 GC heap after
Heap after GC invocations=105 (full 5):
 PSYoungGen      total 120320K, used 26914K [0x00000000f5580000, 0x00000000fff80000, 0x0000000100000000)
  eden space 71680K, 0% used [0x00000000f5580000,0x00000000f5580000,0x00000000f9b80000)
  from space 48640K, 55% used [0x00000000fcb80000,0x00000000fe5c88d8,0x00000000ffb00000)
  to   space 49152K, 0% used [0x00000000f9b80000,0x00000000f9b80000,0x00000000fcb80000)
 ParOldGen       total 349696K, used 294314K [0x00000000e0000000, 0x00000000f5580000, 0x00000000f5580000)
  object space 349696K, 84% used [0x00000000e0000000,0x00000000f1f6a888,0x00000000f5580000)
 Metaspace       used 100084K, capacity 106082K, committed 106112K, reserved 1140736K
  class space    used 12729K, capacity 13947K, committed 13952K, reserved 1048576K
}
Event: 4871.745 GC heap before
{Heap before GC invocations=106 (full 5):
 PSYoungGen      total 120320K, used 98594K [0x00000000f5580000, 0x00000000fff80000, 0x0000000100000000)
  eden space 71680K, 100% used [0x00000000f5580000,0x00000000f9b80000,0x00000000f9b80000)
  from space 48640K, 55% used [0x00000000fcb80000,0x00000000fe5c88d8,0x00000000ffb00000)
  to   space 49152K, 0% used [0x00000000f9b80000,0x00000000f9b80000,0x00000000fcb80000)
 ParOldGen       total 349696K, used 294314K [0x00000000e0000000, 0x00000000f5580000, 0x00000000f5580000)
  object space 349696K, 84% used [0x00000000e0000000,0x00000000f1f6a888,0x00000000f5580000)
 Metaspace       used 100118K, capacity 106082K, committed 106112K, reserved 1140736K
  class space    used 12729K, capacity 13947K, committed 13952K, reserved 1048576K
Event: 4871.939 GC heap after
Heap after GC invocations=106 (full 5):
 PSYoungGen      total 120832K, used 12231K [0x00000000f5580000, 0x00000000ffc80000, 0x0000000100000000)
  eden space 71680K, 0% used [0x00000000f5580000,0x00000000f5580000,0x00000000f9b80000)
  from space 49152K, 24% used [0x00000000f9b80000,0x00000000fa771f38,0x00000000fcb80000)
  to   space 47104K, 0% used [0x00000000fce80000,0x00000000fce80000,0x00000000ffc80000)
 ParOldGen       total 349696K, used 314580K [0x00000000e0000000, 0x00000000f5580000, 0x00000000f5580000)
  object space 349696K, 89% used [0x00000000e0000000,0x00000000f3335348,0x00000000f5580000)
 Metaspace       used 100118K, capacity 106082K, committed 106112K, reserved 1140736K
  class space    used 12729K, capacity 13947K, committed 13952K, reserved 1048576K
}
Event: 4871.940 GC heap before
{Heap before GC invocations=107 (full 6):
 PSYoungGen      total 120832K, used 12231K [0x00000000f5580000, 0x00000000ffc80000, 0x0000000100000000)
  eden space 71680K, 0% used [0x00000000f5580000,0x00000000f5580000,0x00000000f9b80000)
  from space 49152K, 24% used [0x00000000f9b80000,0x00000000fa771f38,0x00000000fcb80000)
  to   space 47104K, 0% used [0x00000000fce80000,0x00000000fce80000,0x00000000ffc80000)
 ParOldGen       total 349696K, used 314580K [0x00000000e0000000, 0x00000000f5580000, 0x00000000f5580000)
  object space 349696K, 89% used [0x00000000e0000000,0x00000000f3335348,0x00000000f5580000)
 Metaspace       used 100118K, capacity 106082K, committed 106112K, reserved 1140736K
  class space    used 12729K, capacity 13947K, committed 13952K, reserved 1048576K

